<?xml version="1.0" encoding="UTF-8"?>
<!-- Generated by org.testng.reporters.JUnitXMLReporter -->
<testsuite hostname="sit-PC" ignored="0" name="Command line test" tests="1" failures="1" timestamp="2022-02-20T21:58:31 IST" time="1.098" errors="0">
  <testcase name="verifyloginfun" time="0.851" classname="testCases.loginTest">
    <failure type="java.lang.NoClassDefFoundError" message="org/asynchttpclient/DefaultAsyncHttpClientConfig$Builder">
      <![CDATA[java.lang.NoClassDefFoundError: org/asynchttpclient/DefaultAsyncHttpClientConfig$Builder
at org.openqa.selenium.remote.http.netty.NettyClient.createHttpClient(NettyClient.java:80)
at org.openqa.selenium.remote.http.netty.NettyClient.<clinit>(NettyClient.java:50)
at org.openqa.selenium.remote.http.netty.NettyClient$Factory.createClient(NettyClient.java:144)
at org.openqa.selenium.remote.HttpCommandExecutor.<init>(HttpCommandExecutor.java:107)
at org.openqa.selenium.remote.HttpCommandExecutor.<init>(HttpCommandExecutor.java:94)
at org.openqa.selenium.remote.HttpCommandExecutor.<init>(HttpCommandExecutor.java:85)
at org.openqa.selenium.remote.service.DriverCommandExecutor.<init>(DriverCommandExecutor.java:77)
at org.openqa.selenium.chromium.ChromiumDriverCommandExecutor.<init>(ChromiumDriverCommandExecutor.java:35)
at org.openqa.selenium.chrome.ChromeDriver$ChromeDriverCommandExecutor.<init>(ChromeDriver.java:111)
at org.openqa.selenium.chrome.ChromeDriver.<init>(ChromeDriver.java:104)
at org.openqa.selenium.chrome.ChromeDriver.<init>(ChromeDriver.java:91)
at org.openqa.selenium.chrome.ChromeDriver.<init>(ChromeDriver.java:46)
at rediffproj.base.initialization(base.java:27)
at testCases.loginTest.verifyloginfun(loginTest.java:16)
at java.util.ArrayList.forEach(ArrayList.java:1259)
Caused by: java.lang.ClassNotFoundException: org.asynchttpclient.DefaultAsyncHttpClientConfig$Builder
at java.net.URLClassLoader.findClass(URLClassLoader.java:382)
at java.lang.ClassLoader.loadClass(ClassLoader.java:418)
at sun.misc.Launcher$AppClassLoader.loadClass(Launcher.java:355)
at java.lang.ClassLoader.loadClass(ClassLoader.java:351)
... 51 more
... Removed 36 stack frames]]>
    </failure>
  </testcase> <!-- verifyloginfun -->
</testsuite> <!-- Command line test -->
